<?xml version="1.0" encoding="UTF-8"?>
<testng-results ignored="0" total="1" passed="1" failed="0" skipped="0">
  <reporter-output>
  </reporter-output>
  <suite started-at="2022-07-15T20:13:49 BDT" name="Default suite" finished-at="2022-07-15T20:14:14 BDT" duration-ms="24817">
    <groups>
    </groups>
    <test started-at="2022-07-15T20:13:49 BDT" name="Default test" finished-at="2022-07-15T20:14:14 BDT" duration-ms="24817">
      <class name="testCases.TC_LoginTest_001">
        <test-method is-config="true" signature="setup()[pri:0, instance:testCases.TC_LoginTest_001@6722db6e]" started-at="2022-07-15T20:13:49 BDT" name="setup" finished-at="2022-07-15T20:13:52 BDT" duration-ms="2668" status="PASS">
          <reporter-output>
          </reporter-output>
        </test-method> <!-- setup -->
        <test-method signature="LoginTest()[pri:0, instance:testCases.TC_LoginTest_001@6722db6e]" started-at="2022-07-15T20:13:52 BDT" name="LoginTest" finished-at="2022-07-15T20:14:14 BDT" duration-ms="21729" status="PASS">
          <reporter-output>
          </reporter-output>
        </test-method> <!-- LoginTest -->
        <test-method is-config="true" signature="tearDown()[pri:0, instance:testCases.TC_LoginTest_001@6722db6e]" started-at="2022-07-15T20:14:14 BDT" name="tearDown" finished-at="2022-07-15T20:14:14 BDT" duration-ms="193" status="PASS">
          <reporter-output>
          </reporter-output>
        </test-method> <!-- tearDown -->
      </class> <!-- testCases.TC_LoginTest_001 -->
    </test> <!-- Default test -->
  </suite> <!-- Default suite -->
</testng-results>
