<?xml version="1.0" encoding="UTF-8"?>
<testng-results ignored="0" total="1" passed="1" failed="0" skipped="0">
  <reporter-output>
  </reporter-output>
  <suite started-at="2022-07-15T21:09:52 BDT" name="Default suite" finished-at="2022-07-15T21:10:46 BDT" duration-ms="53451">
    <groups>
    </groups>
    <test started-at="2022-07-15T21:09:52 BDT" name="Default test" finished-at="2022-07-15T21:10:46 BDT" duration-ms="53451">
      <class name="testCases.TC_LoginTest_001">
        <test-method is-config="true" signature="setup()[pri:0, instance:testCases.TC_LoginTest_001@107ed6fc]" started-at="2022-07-15T21:09:52 BDT" name="setup" finished-at="2022-07-15T21:09:57 BDT" duration-ms="4309" status="PASS">
          <reporter-output>
          </reporter-output>
        </test-method> <!-- setup -->
        <test-method signature="LoginTest()[pri:0, instance:testCases.TC_LoginTest_001@107ed6fc]" started-at="2022-07-15T21:09:57 BDT" name="LoginTest" finished-at="2022-07-15T21:10:45 BDT" duration-ms="48129" status="PASS">
          <reporter-output>
          </reporter-output>
        </test-method> <!-- LoginTest -->
        <test-method is-config="true" signature="tearDown()[pri:0, instance:testCases.TC_LoginTest_001@107ed6fc]" started-at="2022-07-15T21:10:45 BDT" name="tearDown" finished-at="2022-07-15T21:10:46 BDT" duration-ms="816" status="PASS">
          <reporter-output>
          </reporter-output>
        </test-method> <!-- tearDown -->
      </class> <!-- testCases.TC_LoginTest_001 -->
    </test> <!-- Default test -->
  </suite> <!-- Default suite -->
</testng-results>
